2025-06-30 16:39:48.051 [info] (Client) Pylance async client (2025.4.1) started with python extension (2024.14.1)
2025-06-30 16:39:49.258 [info] [Info  - 4:39:49 PM] (27125) Server root directory: file:///home/azureuser/.vscode-server/extensions/ms-python.vscode-pylance-2025.4.1/dist
2025-06-30 16:39:49.258 [info] [Info  - 4:39:49 PM] (27125) Pylance language server 2025.4.1 (pyright version 1.1.398, commit 4f24eccc) starting
2025-06-30 16:39:49.373 [info] [Info  - 4:39:49 PM] (27125) Starting service instance "<default>" for workspace ""
2025-06-30 16:39:49.547 [info] [Info  - 4:39:49 PM] (27125) Setting environmentName for service "<default>": "C:\Users\markrish2\AppData\Local\Programs\Python\Python313\python.exe"
2025-06-30 16:39:49.548 [info] [Info  - 4:39:49 PM] (27125) No include entries specified; assuming /<default workspace root>
2025-06-30 16:39:49.549 [info] [Info  - 4:39:49 PM] (27125) Auto-excluding **/node_modules
2025-06-30 16:39:49.551 [info] [Info  - 4:39:49 PM] (27125) Auto-excluding **/__pycache__
2025-06-30 16:39:49.551 [info] [Info  - 4:39:49 PM] (27125) Auto-excluding **/.*
2025-06-30 16:39:49.729 [info] [Info  - 4:39:49 PM] (27125) Assuming Python version 3.10.12.final.0
2025-06-30 16:48:13.828 [info] [Error - 4:48:12 PM] (27125) File or directory "/<default workspace root>" does not exist.
2025-06-30 16:48:19.882 [info] [Info  - 4:48:19 PM] (27125) No source files found.
2025-06-30 16:48:24.732 [info] [Info  - 4:48:24 PM] (27125) [IDX(FG)] Long operation: read stdlib indices (2690ms)
2025-06-30 16:48:27.034 [info] [Info  - 4:48:26 PM] (27125) [IDX(FG)] Long operation: index libraries file:///%3Cdefault%20workspace%20root%3E (index) (3250ms)
2025-06-30 16:48:27.982 [info] [Info  - 4:48:27 PM] (27125) Setting environmentName for service "<default>": "C:\Users\markrish2\AppData\Local\Programs\Python\Python313\python.exe"
2025-06-30 16:48:27.985 [info] [Info  - 4:48:27 PM] (27125) No include entries specified; assuming /<default workspace root>
2025-06-30 16:48:27.985 [info] [Info  - 4:48:27 PM] (27125) Auto-excluding **/node_modules
2025-06-30 16:48:27.985 [info] [Info  - 4:48:27 PM] (27125) Auto-excluding **/__pycache__
2025-06-30 16:48:27.985 [info] [Info  - 4:48:27 PM] (27125) Auto-excluding **/.*
2025-06-30 16:48:30.978 [info] [Info  - 4:48:30 PM] (27125) Assuming Python version 3.10.12.final.0
2025-06-30 16:56:30.688 [info] [Error - 4:56:29 PM] (27125) File or directory "/<default workspace root>" does not exist.
2025-06-30 16:56:32.341 [info] [Info  - 4:56:31 PM] (27125) No source files found.
2025-06-30 18:03:39.593 [info] [Info  - 6:03:38 PM] (27125) [FG] Long operation: parsing: file:///home/azureuser/scripts/builder_trigger.py (3859351ms)
2025-06-30 18:04:31.549 [info] [Info  - 6:04:29 PM] (27125) [FG] Long operation: parsing: file:///home/azureuser/.vscode-server/extensions/ms-python.vscode-pylance-2025.4.1/dist/typeshed-fallback/stdlib/builtins.pyi (62506ms)
2025-06-30 18:05:46.754 [info] [Info  - 6:05:45 PM] (27125) [FG] Long operation: binding: file:///home/azureuser/.vscode-server/extensions/ms-python.vscode-pylance-2025.4.1/dist/typeshed-fallback/stdlib/builtins.pyi (89752ms)
2025-06-30 18:05:58.051 [info] [Info  - 6:05:55 PM] (27125) [FG] Long operation: binding: file:///home/azureuser/scripts/builder_trigger.py (7562ms)
2025-06-30 18:06:54.902 [info] [Info  - 6:06:52 PM] (27125) BG: Priority queue background worker(2) root directory: file:///home/azureuser/.vscode-server/extensions/ms-python.vscode-pylance-2025.4.1/dist
2025-06-30 18:06:59.896 [info] [Info  - 6:06:57 PM] (27125) BG: Priority queue background worker(2) started
2025-06-30 18:23:54.575 [info] [Info  - 6:23:45 PM] (27125) [FG] Long operation: parsing: file:///home/azureuser/.vscode-server/extensions/ms-python.vscode-pylance-2025.4.1/dist/typeshed-fallback/stdlib/builtins.pyi (632165ms)
2025-06-30 19:52:41.758 [info] [Info  - 7:52:40 PM] (27125) [FG] Long operation: binding: file:///home/azureuser/.vscode-server/extensions/ms-python.vscode-pylance-2025.4.1/dist/typeshed-fallback/stdlib/builtins.pyi (2593589ms)
2025-06-30 19:53:58.999 [info] [Info  - 7:53:56 PM] (27125) [FG] Long operation: binding: file:///home/azureuser/scripts/builder_trigger.py (685363ms)
2025-06-30 20:31:36.947 [info] [Info  - 8:31:31 PM] (27125) BG: [BG(1)] Long operation: parsing: file:///home/azureuser/scripts/builder_trigger.py (6614096ms)
2025-06-30 21:36:29.959 [info] [Info  - 9:36:18 PM] (27125) BG: [BG(1)] Long operation: parsing: file:///home/azureuser/.vscode-server/extensions/ms-python.vscode-pylance-2025.4.1/dist/typeshed-fallback/stdlib/builtins.pyi (5379884ms)
2025-07-01 00:59:16.640 [info] [Info  - 12:59:03 AM] (27125) BG: [BG(1)] Long operation: binding: file:///home/azureuser/.vscode-server/extensions/ms-python.vscode-pylance-2025.4.1/dist/typeshed-fallback/stdlib/builtins.pyi (6251747ms)
2025-07-01 02:19:39.830 [info] [Error - 2:19:39 AM] Server process exited with signal SIGKILL.
2025-07-01 02:19:39.831 [info] [Info  - 2:19:39 AM] (27125) BG: [BG(1)] Long operation: binding: file:///home/azureuser/scripts/builder_trigger.py (230562ms)
2025-07-01 02:19:39.886 [info] [Info  - 2:19:39 AM] Connection to server got closed. Server will restart.
2025-07-01 02:19:39.886 [info] true
2025-07-01 02:19:46.216 [info] [Info  - 2:19:46 AM] (29185) Server root directory: file:///home/azureuser/.vscode-server/extensions/ms-python.vscode-pylance-2025.4.1/dist
2025-07-01 02:19:46.232 [info] [Info  - 2:19:46 AM] (29185) Pylance language server 2025.4.1 (pyright version 1.1.398, commit 4f24eccc) starting
2025-07-01 02:19:46.360 [info] [Info  - 2:19:46 AM] (29185) Starting service instance "<default>" for workspace ""
2025-07-01 02:19:46.715 [info] [Info  - 2:19:46 AM] (29185) Setting environmentName for service "<default>": "C:\Users\markrish2\AppData\Local\Programs\Python\Python313\python.exe"
2025-07-01 02:19:46.718 [info] [Info  - 2:19:46 AM] (29185) No include entries specified; assuming /<default workspace root>
2025-07-01 02:19:46.729 [info] [Info  - 2:19:46 AM] (29185) Auto-excluding **/node_modules
2025-07-01 02:19:46.733 [info] [Info  - 2:19:46 AM] (29185) Auto-excluding **/__pycache__
2025-07-01 02:19:46.733 [info] [Info  - 2:19:46 AM] (29185) Auto-excluding **/.*
2025-07-01 02:19:46.937 [info] [Info  - 2:19:46 AM] (29185) Assuming Python version 3.10.12.final.0
2025-07-01 04:37:56.301 [info] [Error - 4:37:56 AM] Server process exited with signal SIGKILL.
2025-07-01 04:37:56.405 [info] [Info  - 4:37:56 AM] Connection to server got closed. Server will restart.
2025-07-01 04:37:56.406 [info] true
2025-07-01 04:37:56.557 [info] [Error - 4:37:56 AM] Request textDocument/diagnostic failed.
2025-07-01 04:37:56.557 [info] Error: Starting server failed
	at P.$start (/home/azureuser/.vscode-server/extensions/ms-python.python-2024.14.1-linux-x64/out/client/extension.js:2:2108511)
	at async P.sendRequest (/home/azureuser/.vscode-server/extensions/ms-python.python-2024.14.1-linux-x64/out/client/extension.js:2:2091997)
	at async v.pullAsync (/home/azureuser/.vscode-server/extensions/ms-python.python-2024.14.1-linux-x64/out/client/extension.js:2:2156165)
2025-07-01 04:37:56.650 [info] [Error - 4:37:56 AM] Document pull failed for text document file:///home/azureuser/scripts/builder_trigger.py
2025-07-01 04:37:56.650 [info] Error: Starting server failed
	at P.$start (/home/azureuser/.vscode-server/extensions/ms-python.python-2024.14.1-linux-x64/out/client/extension.js:2:2108511)
	at async P.sendRequest (/home/azureuser/.vscode-server/extensions/ms-python.python-2024.14.1-linux-x64/out/client/extension.js:2:2091997)
	at async v.pullAsync (/home/azureuser/.vscode-server/extensions/ms-python.python-2024.14.1-linux-x64/out/client/extension.js:2:2156165)
2025-07-01 04:38:00.801 [info] [Info  - 4:38:00 AM] (29413) Server root directory: file:///home/azureuser/.vscode-server/extensions/ms-python.vscode-pylance-2025.4.1/dist
2025-07-01 04:38:00.814 [info] [Info  - 4:38:00 AM] (29413) Pylance language server 2025.4.1 (pyright version 1.1.398, commit 4f24eccc) starting
2025-07-01 04:38:01.054 [info] [Info  - 4:38:01 AM] (29413) Starting service instance "<default>" for workspace ""
2025-07-01 04:38:01.766 [info] [Info  - 4:38:01 AM] (29413) Setting environmentName for service "<default>": "C:\Users\markrish2\AppData\Local\Programs\Python\Python313\python.exe"
2025-07-01 04:38:01.774 [info] [Info  - 4:38:01 AM] (29413) No include entries specified; assuming /<default workspace root>
2025-07-01 04:38:01.782 [info] [Info  - 4:38:01 AM] (29413) Auto-excluding **/node_modules
2025-07-01 04:38:01.782 [info] [Info  - 4:38:01 AM] (29413) Auto-excluding **/__pycache__
2025-07-01 04:38:01.782 [info] [Info  - 4:38:01 AM] (29413) Auto-excluding **/.*
2025-07-01 04:38:02.246 [info] [Info  - 4:38:02 AM] (29413) Assuming Python version 3.10.12.final.0
2025-07-01 04:38:34.262 [info] [Error - 4:38:33 AM] (29413) File or directory "/<default workspace root>" does not exist.
2025-07-01 04:38:34.321 [info] [Info  - 4:38:34 AM] (29413) No source files found.
2025-07-01 04:38:51.906 [info] [Info  - 4:38:50 AM] (29413) [IDX(FG)] Long operation: read stdlib indices (6155ms)
2025-07-01 04:38:54.959 [info] [Info  - 4:38:54 AM] (29413) [IDX(FG)] Long operation: index libraries file:///%3Cdefault%20workspace%20root%3E (index) (9355ms)
2025-07-01 04:39:06.660 [info] [Info  - 4:39:06 AM] (29413) Setting environmentName for service "<default>": "C:\Users\markrish2\AppData\Local\Programs\Python\Python313\python.exe"
2025-07-01 04:39:06.854 [info] [Info  - 4:39:06 AM] (29413) No include entries specified; assuming /<default workspace root>
2025-07-01 04:39:06.854 [info] [Info  - 4:39:06 AM] (29413) Auto-excluding **/node_modules
2025-07-01 04:39:06.854 [info] [Info  - 4:39:06 AM] (29413) Auto-excluding **/__pycache__
2025-07-01 04:39:06.854 [info] [Info  - 4:39:06 AM] (29413) Auto-excluding **/.*
2025-07-01 04:39:29.856 [info] [Info  - 4:39:28 AM] (29413) Assuming Python version 3.10.12.final.0
2025-07-01 04:40:58.119 [info] [Error - 4:40:57 AM] (29413) File or directory "/<default workspace root>" does not exist.
2025-07-01 04:40:58.604 [info] [Info  - 4:40:58 AM] (29413) No source files found.
2025-07-01 04:42:22.470 [info] [Info  - 4:42:21 AM] (29413) [FG] Long operation: parsing: file:///home/azureuser/scripts/builder_trigger.py (80311ms)
2025-07-01 04:56:34.721 [info] [Info  - 4:56:28 AM] (29413) [FG] Long operation: parsing: file:///home/azureuser/.vscode-server/extensions/ms-python.vscode-pylance-2025.4.1/dist/typeshed-fallback/stdlib/builtins.pyi (842869ms)
2025-07-01 06:47:53.577 [info] [Info  - 6:47:51 AM] (29413) [FG] Long operation: binding: file:///home/azureuser/.vscode-server/extensions/ms-python.vscode-pylance-2025.4.1/dist/typeshed-fallback/stdlib/builtins.pyi (3205701ms)
2025-07-01 06:49:40.924 [info] [Info  - 6:49:37 AM] (29413) [FG] Long operation: binding: file:///home/azureuser/scripts/builder_trigger.py (298651ms)
2025-07-01 10:01:42.117 [info] [Error - 10:01:42 AM] Server process exited with signal SIGKILL.
2025-07-01 10:01:42.159 [info] [Info  - 10:01:42 AM] (29413) BG: Priority queue background worker(2) root directory: file:///home/azureuser/.vscode-server/extensions/ms-python.vscode-pylance-2025.4.1/dist
2025-07-01 10:01:42.309 [info] [Info  - 10:01:42 AM] Connection to server got closed. Server will restart.
2025-07-01 10:01:42.309 [info] true
2025-07-01 10:01:46.869 [info] [Info  - 10:01:46 AM] (30159) Server root directory: file:///home/azureuser/.vscode-server/extensions/ms-python.vscode-pylance-2025.4.1/dist
2025-07-01 10:01:46.915 [info] [Info  - 10:01:46 AM] (30159) Pylance language server 2025.4.1 (pyright version 1.1.398, commit 4f24eccc) starting
2025-07-01 10:01:46.999 [info] [Info  - 10:01:46 AM] (30159) Starting service instance "<default>" for workspace ""
2025-07-01 10:01:47.154 [info] [Info  - 10:01:47 AM] (30159) Setting environmentName for service "<default>": "C:\Users\markrish2\AppData\Local\Programs\Python\Python313\python.exe"
2025-07-01 10:01:47.157 [info] [Info  - 10:01:47 AM] (30159) No include entries specified; assuming /<default workspace root>
2025-07-01 10:01:47.160 [info] [Info  - 10:01:47 AM] (30159) Auto-excluding **/node_modules
2025-07-01 10:01:47.160 [info] [Info  - 10:01:47 AM] (30159) Auto-excluding **/__pycache__
2025-07-01 10:01:47.161 [info] [Info  - 10:01:47 AM] (30159) Auto-excluding **/.*
2025-07-01 10:01:47.378 [info] [Info  - 10:01:47 AM] (30159) Assuming Python version 3.10.12.final.0
2025-07-01 10:37:21.246 [info] [Error - 10:37:20 AM] (30159) File or directory "/<default workspace root>" does not exist.
2025-07-01 10:37:22.038 [info] [Info  - 10:37:21 AM] (30159) No source files found.
2025-07-01 10:37:41.486 [info] [Info  - 10:37:41 AM] (30159) Setting environmentName for service "<default>": "C:\Users\markrish2\AppData\Local\Programs\Python\Python313\python.exe"
2025-07-01 10:37:42.397 [info] [Info  - 10:37:41 AM] (30159) No include entries specified; assuming /<default workspace root>
2025-07-01 10:37:43.099 [info] [Info  - 10:37:42 AM] (30159) Auto-excluding **/node_modules
2025-07-01 10:37:44.140 [info] [Info  - 10:37:43 AM] (30159) Auto-excluding **/__pycache__
2025-07-01 10:37:45.244 [info] [Info  - 10:37:44 AM] (30159) Auto-excluding **/.*
2025-07-01 10:37:45.844 [info] [Info  - 10:37:45 AM] (30159) Assuming Python version 3.10.12.final.0
2025-07-01 13:20:23.297 [info] [Error - 1:20:19 PM] (30159) File or directory "/<default workspace root>" does not exist.
2025-07-01 13:21:51.688 [info] [Info  - 1:21:51 PM] (30159) No source files found.
2025-07-01 13:21:56.351 [info] [Info  - 1:21:55 PM] (30159) [IDX(FG)] Long operation: read stdlib indices (19055ms)
2025-07-01 13:21:57.898 [info] [Info  - 1:21:57 PM] (30159) [IDX(FG)] Long operation: index libraries file:///%3Cdefault%20workspace%20root%3E (index) (64001ms)
2025-07-01 13:21:57.901 [info] [Info  - 1:21:57 PM] (30159) BG: Priority queue background worker(2) root directory: file:///home/azureuser/.vscode-server/extensions/ms-python.vscode-pylance-2025.4.1/dist
2025-07-01 13:21:57.901 [info] [Info  - 1:21:57 PM] (30159) BG: Priority queue background worker(2) started
2025-07-01 13:22:02.302 [info] [Info  - 1:22:02 PM] (30159) [FG] Long operation: parsing: file:///home/azureuser/scripts/builder_trigger.py (12995ms)
2025-07-01 13:22:50.690 [info] [Info  - 1:22:50 PM] (30159) BG: [BG(1)] Long operation: parsing: file:///home/azureuser/scripts/builder_trigger.py (26948ms)
2025-07-01 13:23:10.353 [info] [Info  - 1:23:09 PM] (30159) BG: [BG(1)] Long operation: parsing: file:///home/azureuser/.vscode-server/extensions/ms-python.vscode-pylance-2025.4.1/dist/typeshed-fallback/stdlib/builtins.pyi (19090ms)
2025-07-01 13:23:21.843 [info] [Info  - 1:23:20 PM] (30159) BG: [BG(1)] Long operation: binding: file:///home/azureuser/.vscode-server/extensions/ms-python.vscode-pylance-2025.4.1/dist/typeshed-fallback/stdlib/builtins.pyi (9564ms)
2025-07-01 13:23:37.303 [info] [Info  - 1:23:36 PM] (30159) BG: [BG(1)] Long operation: parsing: file:///home/azureuser/.vscode-server/extensions/ms-python.vscode-pylance-2025.4.1/dist/typeshed-fallback/stdlib/typing.pyi (6500ms)
2025-07-01 13:23:45.640 [info] [Info  - 1:23:45 PM] (30159) BG: [BG(1)] Long operation: binding: file:///home/azureuser/.vscode-server/extensions/ms-python.vscode-pylance-2025.4.1/dist/typeshed-fallback/stdlib/typing.pyi (8096ms)
2025-07-01 13:23:54.543 [info] [Info  - 1:23:53 PM] (30159) BG: [BG(1)] Long operation: parsing: file:///home/azureuser/.vscode-server/extensions/ms-python.vscode-pylance-2025.4.1/dist/typeshed-fallback/stdlib/types.pyi (2701ms)
2025-07-01 13:24:08.442 [info] [Info  - 1:24:07 PM] (30159) BG: [BG(1)] Long operation: parsing: file:///home/azureuser/.vscode-server/extensions/ms-python.vscode-pylance-2025.4.1/dist/typeshed-fallback/stdlib/abc.pyi (2752ms)
2025-07-01 13:24:27.707 [info] [Info  - 1:24:26 PM] (30159) BG: [BG(1)] Long operation: parsing: file:///home/azureuser/.vscode-server/extensions/ms-python.vscode-pylance-2025.4.1/dist/typeshed-fallback/stdlib/typing_extensions.pyi (2940ms)
2025-07-01 13:24:29.996 [info] [Info  - 1:24:29 PM] (30159) BG: [BG(1)] Long operation: binding: file:///home/azureuser/.vscode-server/extensions/ms-python.vscode-pylance-2025.4.1/dist/typeshed-fallback/stdlib/typing_extensions.pyi (2154ms)
2025-07-01 13:24:35.149 [info] [Info  - 1:24:34 PM] (30159) BG: [BG(1)] Long operation: binding: file:///home/azureuser/.vscode-server/extensions/ms-python.vscode-pylance-2025.4.1/dist/typeshed-fallback/stdlib/collections/abc.pyi (2202ms)
2025-07-01 13:24:41.950 [info] [Info  - 1:24:41 PM] (30159) BG: [BG(1)] Long operation: parsing: file:///home/azureuser/.vscode-server/extensions/ms-python.vscode-pylance-2025.4.1/dist/typeshed-fallback/stdlib/http/cookiejar.pyi (2054ms)
2025-07-01 13:24:56.299 [info] [Info  - 1:24:55 PM] (30159) BG: [BG(1)] Long operation: parsing: file:///home/azureuser/.vscode-server/extensions/ms-python.vscode-pylance-2025.4.1/dist/typeshed-fallback/stubs/requests/requests/models.pyi (4225ms)
2025-07-01 13:25:02.100 [info] [Info  - 1:25:01 PM] (30159) BG: [BG(1)] Long operation: binding: file:///home/azureuser/.vscode-server/extensions/ms-python.vscode-pylance-2025.4.1/dist/typeshed-fallback/stubs/requests/requests/models.pyi (4191ms)
2025-07-01 13:25:36.749 [info] [Info  - 1:25:35 PM] (30159) BG: [BG(1)] Long operation: checking: file:///home/azureuser/scripts/builder_trigger.py (131509ms)
2025-07-01 13:25:38.548 [info] [Info  - 1:25:37 PM] (30159) BG: [BG(1)] Long operation: analyzing: file:///home/azureuser/scripts/builder_trigger.py (193042ms)
2025-07-01 13:25:49.242 [info] [Info  - 1:25:47 PM] (30159) [FG] Long operation: parsing: file:///home/azureuser/scripts/builder_trigger.py (3799ms)
2025-07-01 13:30:14.905 [info] [Info  - 1:30:12 PM] (30159) [FG] Long operation: parsing: file:///home/azureuser/.vscode-server/extensions/ms-python.vscode-pylance-2025.4.1/dist/typeshed-fallback/stdlib/builtins.pyi (259908ms)
2025-07-01 13:35:36.905 [info] [Info  - 1:35:29 PM] (30159) [FG] Long operation: binding: file:///home/azureuser/.vscode-server/extensions/ms-python.vscode-pylance-2025.4.1/dist/typeshed-fallback/stdlib/builtins.pyi (311148ms)
2025-07-01 13:36:22.650 [info] [Info  - 1:36:15 PM] (30159) [FG] Long operation: binding: file:///home/azureuser/scripts/builder_trigger.py (34902ms)
2025-07-01 15:37:47.755 [info] [Error - 3:37:47 PM] Server process exited with signal SIGKILL.
2025-07-01 15:37:47.905 [info] [Info  - 3:37:47 PM] Connection to server got closed. Server will restart.
2025-07-01 15:37:47.905 [info] true
2025-07-01 15:37:51.718 [info] [Info  - 3:37:51 PM] (30919) Server root directory: file:///home/azureuser/.vscode-server/extensions/ms-python.vscode-pylance-2025.4.1/dist
2025-07-01 15:37:51.725 [info] [Info  - 3:37:51 PM] (30919) Pylance language server 2025.4.1 (pyright version 1.1.398, commit 4f24eccc) starting
2025-07-01 15:37:51.827 [info] [Info  - 3:37:51 PM] (30919) Starting service instance "<default>" for workspace ""
2025-07-01 15:37:51.952 [info] [Info  - 3:37:51 PM] (30919) Setting environmentName for service "<default>": "C:\Users\markrish2\AppData\Local\Programs\Python\Python313\python.exe"
2025-07-01 15:37:51.952 [info] [Info  - 3:37:51 PM] (30919) No include entries specified; assuming /<default workspace root>
2025-07-01 15:37:51.953 [info] [Info  - 3:37:51 PM] (30919) Auto-excluding **/node_modules
2025-07-01 15:37:51.954 [info] [Info  - 3:37:51 PM] (30919) Auto-excluding **/__pycache__
2025-07-01 15:37:51.954 [info] [Info  - 3:37:51 PM] (30919) Auto-excluding **/.*
2025-07-01 15:37:52.265 [info] [Info  - 3:37:52 PM] (30919) Assuming Python version 3.10.12.final.0
2025-07-01 15:38:10.452 [info] [Error - 3:38:09 PM] (30919) File or directory "/<default workspace root>" does not exist.
2025-07-01 15:38:10.455 [info] [Info  - 3:38:10 PM] (30919) No source files found.
2025-07-01 15:38:13.872 [info] [Info  - 3:38:13 PM] (30919) Setting environmentName for service "<default>": "C:\Users\markrish2\AppData\Local\Programs\Python\Python313\python.exe"
2025-07-01 15:38:13.926 [info] [Info  - 3:38:13 PM] (30919) No include entries specified; assuming /<default workspace root>
2025-07-01 15:38:13.926 [info] [Info  - 3:38:13 PM] (30919) Auto-excluding **/node_modules
2025-07-01 15:38:13.926 [info] [Info  - 3:38:13 PM] (30919) Auto-excluding **/__pycache__
2025-07-01 15:38:13.926 [info] [Info  - 3:38:13 PM] (30919) Auto-excluding **/.*
2025-07-01 15:38:25.453 [info] [Info  - 3:38:24 PM] (30919) Assuming Python version 3.10.12.final.0
2025-07-01 15:39:11.736 [info] [Error - 3:39:11 PM] (30919) File or directory "/<default workspace root>" does not exist.
2025-07-01 15:39:11.772 [info] [Info  - 3:39:11 PM] (30919) No source files found.
2025-07-01 15:39:12.026 [info] [Info  - 3:39:12 PM] (30919) BG: Priority queue background worker(2) root directory: file:///home/azureuser/.vscode-server/extensions/ms-python.vscode-pylance-2025.4.1/dist
2025-07-01 15:39:12.026 [info] [Info  - 3:39:12 PM] (30919) BG: Priority queue background worker(2) started
2025-07-01 15:39:17.074 [info] [Info  - 3:39:16 PM] (30919) [FG] Long operation: parsing: file:///home/azureuser/scripts/builder_trigger.py (4096ms)
2025-07-01 15:39:25.573 [info] [Info  - 3:39:24 PM] (30919) [FG] Long operation: parsing: file:///home/azureuser/.vscode-server/extensions/ms-python.vscode-pylance-2025.4.1/dist/typeshed-fallback/stdlib/builtins.pyi (7748ms)
2025-07-01 15:39:37.479 [info] [Info  - 3:39:36 PM] (30919) [FG] Long operation: binding: file:///home/azureuser/.vscode-server/extensions/ms-python.vscode-pylance-2025.4.1/dist/typeshed-fallback/stdlib/builtins.pyi (9810ms)
2025-07-01 15:40:54.673 [info] [Info  - 3:40:54 PM] (30919) BG: [BG(1)] Long operation: parsing: file:///home/azureuser/scripts/builder_trigger.py (48465ms)
2025-07-01 15:41:10.327 [info] [Info  - 3:41:09 PM] (30919) BG: [BG(1)] Long operation: parsing: file:///home/azureuser/.vscode-server/extensions/ms-python.vscode-pylance-2025.4.1/dist/typeshed-fallback/stdlib/builtins.pyi (14293ms)
2025-07-01 15:41:23.370 [info] [Info  - 3:41:22 PM] (30919) BG: [BG(1)] Long operation: binding: file:///home/azureuser/.vscode-server/extensions/ms-python.vscode-pylance-2025.4.1/dist/typeshed-fallback/stdlib/builtins.pyi (11190ms)
2025-07-01 15:41:30.983 [info] [Info  - 3:41:30 PM] (30919) BG: [BG(1)] Long operation: parsing: file:///home/azureuser/.vscode-server/extensions/ms-python.vscode-pylance-2025.4.1/dist/typeshed-fallback/stubs/requests/requests/__init__.pyi (2483ms)
2025-07-01 15:41:41.628 [info] [Info  - 3:41:41 PM] (30919) BG: [BG(1)] Long operation: parsing: file:///home/azureuser/.vscode-server/extensions/ms-python.vscode-pylance-2025.4.1/dist/typeshed-fallback/stubs/requests/requests/api.pyi (2497ms)
2025-07-01 15:42:01.074 [info] [Info  - 3:42:00 PM] (30919) BG: [BG(1)] Long operation: parsing: file:///home/azureuser/.vscode-server/extensions/ms-python.vscode-pylance-2025.4.1/dist/typeshed-fallback/stubs/requests/requests/models.pyi (2405ms)
2025-07-01 15:42:03.524 [info] [Info  - 3:42:02 PM] (30919) BG: [BG(1)] Long operation: checking: file:///home/azureuser/scripts/builder_trigger.py (39706ms)
2025-07-01 15:42:04.026 [info] [Info  - 3:42:03 PM] (30919) BG: [BG(1)] Long operation: analyzing: file:///home/azureuser/scripts/builder_trigger.py (118197ms)
2025-07-01 15:42:13.628 [info] [Info  - 3:42:12 PM] (30919) [FG] Long operation: parsing: file:///home/azureuser/.vscode-server/extensions/ms-python.vscode-pylance-2025.4.1/dist/typeshed-fallback/stdlib/builtins.pyi (7660ms)
2025-07-01 15:42:27.434 [info] [Info  - 3:42:25 PM] (30919) [FG] Long operation: binding: file:///home/azureuser/.vscode-server/extensions/ms-python.vscode-pylance-2025.4.1/dist/typeshed-fallback/stdlib/builtins.pyi (8439ms)
2025-07-01 15:42:40.623 [info] [Info  - 3:42:36 PM] (30919) [FG] Long operation: binding: file:///home/azureuser/scripts/builder_trigger.py (8103ms)
